{"/Users/rob/git/robsheely-resume/src/AddPositionDialog.js": {"path":"/Users/rob/git/robsheely-resume/src/AddPositionDialog.js","statementMap":{"0":{"start":{"line":20,"column":28},"end":{"line":26,"column":1}},"1":{"start":{"line":28,"column":15},"end":{"line":76,"column":2}},"2":{"start":{"line":28,"column":25},"end":{"line":76,"column":1}},"3":{"start":{"line":97,"column":4},"end":{"line":105,"column":7}},"4":{"start":{"line":109,"column":19},"end":{"line":109,"column":21}},"5":{"start":{"line":110,"column":19},"end":{"line":110,"column":24}},"6":{"start":{"line":111,"column":4},"end":{"line":116,"column":7}},"7":{"start":{"line":112,"column":6},"end":{"line":115,"column":7}},"8":{"start":{"line":113,"column":8},"end":{"line":113,"column":37}},"9":{"start":{"line":114,"column":8},"end":{"line":114,"column":24}},"10":{"start":{"line":117,"column":4},"end":{"line":117,"column":30}},"11":{"start":{"line":118,"column":4},"end":{"line":118,"column":21}},"12":{"start":{"line":122,"column":19},"end":{"line":122,"column":70}},"13":{"start":{"line":123,"column":4},"end":{"line":125,"column":7}},"14":{"start":{"line":131,"column":35},"end":{"line":131,"column":40}},"15":{"start":{"line":133,"column":4},"end":{"line":142,"column":6}},"16":{"start":{"line":137,"column":10},"end":{"line":137,"column":50}},"17":{"start":{"line":146,"column":25},"end":{"line":146,"column":56}},"18":{"start":{"line":147,"column":4},"end":{"line":147,"column":49}},"19":{"start":{"line":148,"column":4},"end":{"line":151,"column":7}},"20":{"start":{"line":155,"column":24},"end":{"line":155,"column":34}},"21":{"start":{"line":157,"column":4},"end":{"line":175,"column":6}},"22":{"start":{"line":179,"column":43},"end":{"line":179,"column":53}},"23":{"start":{"line":181,"column":4},"end":{"line":299,"column":6}},"24":{"start":{"line":184,"column":25},"end":{"line":197,"column":11}},"25":{"start":{"line":185,"column":12},"end":{"line":196,"column":13}},"26":{"start":{"line":186,"column":28},"end":{"line":192,"column":15}},"27":{"start":{"line":193,"column":14},"end":{"line":193,"column":58}},"28":{"start":{"line":194,"column":14},"end":{"line":194,"column":28}},"29":{"start":{"line":195,"column":14},"end":{"line":195,"column":27}},"30":{"start":{"line":199,"column":10},"end":{"line":296,"column":12}},"31":{"start":{"line":246,"column":22},"end":{"line":254,"column":33}},"32":{"start":{"line":303,"column":0},"end":{"line":307,"column":2}}},"fnMap":{"0":{"name":"(anonymous_0)","decl":{"start":{"line":28,"column":15},"end":{"line":28,"column":16}},"loc":{"start":{"line":28,"column":25},"end":{"line":76,"column":1}},"line":28},"1":{"name":"(anonymous_1)","decl":{"start":{"line":96,"column":2},"end":{"line":96,"column":3}},"loc":{"start":{"line":96,"column":10},"end":{"line":106,"column":3}},"line":96},"2":{"name":"(anonymous_2)","decl":{"start":{"line":108,"column":13},"end":{"line":108,"column":14}},"loc":{"start":{"line":108,"column":19},"end":{"line":119,"column":3}},"line":108},"3":{"name":"(anonymous_3)","decl":{"start":{"line":111,"column":32},"end":{"line":111,"column":33}},"loc":{"start":{"line":111,"column":41},"end":{"line":116,"column":5}},"line":111},"4":{"name":"(anonymous_4)","decl":{"start":{"line":121,"column":18},"end":{"line":121,"column":19}},"loc":{"start":{"line":121,"column":34},"end":{"line":126,"column":3}},"line":121},"5":{"name":"(anonymous_5)","decl":{"start":{"line":130,"column":19},"end":{"line":130,"column":20}},"loc":{"start":{"line":130,"column":28},"end":{"line":143,"column":3}},"line":130},"6":{"name":"(anonymous_6)","decl":{"start":{"line":136,"column":13},"end":{"line":136,"column":14}},"loc":{"start":{"line":136,"column":20},"end":{"line":138,"column":9}},"line":136},"7":{"name":"(anonymous_7)","decl":{"start":{"line":145,"column":19},"end":{"line":145,"column":20}},"loc":{"start":{"line":145,"column":25},"end":{"line":152,"column":3}},"line":145},"8":{"name":"(anonymous_8)","decl":{"start":{"line":154,"column":17},"end":{"line":154,"column":18}},"loc":{"start":{"line":154,"column":52},"end":{"line":176,"column":3}},"line":154},"9":{"name":"(anonymous_9)","decl":{"start":{"line":178,"column":2},"end":{"line":178,"column":3}},"loc":{"start":{"line":178,"column":11},"end":{"line":300,"column":3}},"line":178},"10":{"name":"(anonymous_10)","decl":{"start":{"line":183,"column":9},"end":{"line":183,"column":10}},"loc":{"start":{"line":183,"column":24},"end":{"line":297,"column":9}},"line":183},"11":{"name":"(anonymous_11)","decl":{"start":{"line":184,"column":25},"end":{"line":184,"column":26}},"loc":{"start":{"line":184,"column":37},"end":{"line":197,"column":11}},"line":184},"12":{"name":"(anonymous_12)","decl":{"start":{"line":245,"column":49},"end":{"line":245,"column":50}},"loc":{"start":{"line":246,"column":22},"end":{"line":254,"column":33}},"line":246}},"branchMap":{"0":{"loc":{"start":{"line":112,"column":6},"end":{"line":115,"column":7}},"type":"if","locations":[{"start":{"line":112,"column":6},"end":{"line":115,"column":7}},{"start":{"line":112,"column":6},"end":{"line":115,"column":7}}],"line":112},"1":{"loc":{"start":{"line":112,"column":10},"end":{"line":112,"column":66}},"type":"binary-expr","locations":[{"start":{"line":112,"column":10},"end":{"line":112,"column":30}},{"start":{"line":112,"column":34},"end":{"line":112,"column":66}}],"line":112},"2":{"loc":{"start":{"line":137,"column":19},"end":{"line":137,"column":48}},"type":"cond-expr","locations":[{"start":{"line":137,"column":25},"end":{"line":137,"column":41}},{"start":{"line":137,"column":44},"end":{"line":137,"column":48}}],"line":137},"3":{"loc":{"start":{"line":185,"column":12},"end":{"line":196,"column":13}},"type":"if","locations":[{"start":{"line":185,"column":12},"end":{"line":196,"column":13}},{"start":{"line":185,"column":12},"end":{"line":196,"column":13}}],"line":185}},"s":{"0":3,"1":3,"2":9,"3":1,"4":1,"5":1,"6":1,"7":4,"8":0,"9":0,"10":1,"11":1,"12":8,"13":8,"14":55,"15":55,"16":110,"17":3,"18":3,"19":3,"20":125,"21":125,"22":24,"23":24,"24":25,"25":1,"26":1,"27":1,"28":1,"29":1,"30":25,"31":15,"32":3},"f":{"0":9,"1":1,"2":1,"3":4,"4":8,"5":55,"6":110,"7":3,"8":125,"9":24,"10":25,"11":1,"12":15},"b":{"0":[0,4],"1":[4,4],"2":[55,55],"3":[1,0]},"_coverageSchema":"332fd63041d2c1bcb487cc26dd0d5f7d97098a6c","hash":"6c202c2269686d32142511810a79495a4f7c3a50"}
,"/Users/rob/git/robsheely-resume/src/App.js": {"path":"/Users/rob/git/robsheely-resume/src/App.js","statementMap":{"0":{"start":{"line":10,"column":14},"end":{"line":18,"column":2}},"1":{"start":{"line":19,"column":12},"end":{"line":26,"column":1}},"2":{"start":{"line":20,"column":2},"end":{"line":25,"column":4}}},"fnMap":{"0":{"name":"(anonymous_0)","decl":{"start":{"line":19,"column":12},"end":{"line":19,"column":13}},"loc":{"start":{"line":19,"column":21},"end":{"line":26,"column":1}},"line":19}},"branchMap":{},"s":{"0":1,"1":1,"2":1},"f":{"0":1},"b":{},"_coverageSchema":"332fd63041d2c1bcb487cc26dd0d5f7d97098a6c","hash":"0a9b531ab2bc1db2d3d23e56b678311f319aff9d"}
,"/Users/rob/git/robsheely-resume/src/ExpertiseSection.js": {"path":"/Users/rob/git/robsheely-resume/src/ExpertiseSection.js","statementMap":{"0":{"start":{"line":8,"column":15},"end":{"line":18,"column":2}},"1":{"start":{"line":8,"column":25},"end":{"line":18,"column":1}},"2":{"start":{"line":20,"column":25},"end":{"line":41,"column":1}},"3":{"start":{"line":21,"column":31},"end":{"line":21,"column":36}},"4":{"start":{"line":23,"column":2},"end":{"line":40,"column":4}},"5":{"start":{"line":32,"column":8},"end":{"line":37,"column":21}},"6":{"start":{"line":43,"column":0},"end":{"line":46,"column":2}}},"fnMap":{"0":{"name":"(anonymous_0)","decl":{"start":{"line":8,"column":15},"end":{"line":8,"column":16}},"loc":{"start":{"line":8,"column":25},"end":{"line":18,"column":1}},"line":8},"1":{"name":"(anonymous_1)","decl":{"start":{"line":20,"column":25},"end":{"line":20,"column":26}},"loc":{"start":{"line":20,"column":34},"end":{"line":41,"column":1}},"line":20},"2":{"name":"(anonymous_2)","decl":{"start":{"line":31,"column":19},"end":{"line":31,"column":20}},"loc":{"start":{"line":32,"column":8},"end":{"line":37,"column":21}},"line":32}},"branchMap":{},"s":{"0":3,"1":7,"2":3,"3":8,"4":8,"5":80,"6":3},"f":{"0":7,"1":8,"2":80},"b":{},"_coverageSchema":"332fd63041d2c1bcb487cc26dd0d5f7d97098a6c","hash":"1bd4b361d0fc30547fb765018fe4c17cf11373b5"}
,"/Users/rob/git/robsheely-resume/src/HeadSection.js": {"path":"/Users/rob/git/robsheely-resume/src/HeadSection.js","statementMap":{"0":{"start":{"line":9,"column":15},"end":{"line":49,"column":2}},"1":{"start":{"line":9,"column":25},"end":{"line":49,"column":1}},"2":{"start":{"line":51,"column":20},"end":{"line":115,"column":1}},"3":{"start":{"line":52,"column":61},"end":{"line":52,"column":66}},"4":{"start":{"line":54,"column":2},"end":{"line":114,"column":4}},"5":{"start":{"line":117,"column":0},"end":{"line":124,"column":2}}},"fnMap":{"0":{"name":"(anonymous_0)","decl":{"start":{"line":9,"column":15},"end":{"line":9,"column":16}},"loc":{"start":{"line":9,"column":25},"end":{"line":49,"column":1}},"line":9},"1":{"name":"(anonymous_1)","decl":{"start":{"line":51,"column":20},"end":{"line":51,"column":21}},"loc":{"start":{"line":51,"column":29},"end":{"line":115,"column":1}},"line":51}},"branchMap":{},"s":{"0":3,"1":7,"2":3,"3":8,"4":8,"5":3},"f":{"0":7,"1":8},"b":{},"_coverageSchema":"332fd63041d2c1bcb487cc26dd0d5f7d97098a6c","hash":"9d4cb489443cc54b1fabebee48ceebda9d8dee12"}
,"/Users/rob/git/robsheely-resume/src/PositionCard.js": {"path":"/Users/rob/git/robsheely-resume/src/PositionCard.js","statementMap":{"0":{"start":{"line":12,"column":15},"end":{"line":36,"column":2}},"1":{"start":{"line":12,"column":25},"end":{"line":36,"column":1}},"2":{"start":{"line":38,"column":21},"end":{"line":86,"column":1}},"3":{"start":{"line":39,"column":32},"end":{"line":39,"column":37}},"4":{"start":{"line":40,"column":54},"end":{"line":40,"column":62}},"5":{"start":{"line":41,"column":20},"end":{"line":41,"column":62}},"6":{"start":{"line":43,"column":2},"end":{"line":85,"column":4}},"7":{"start":{"line":71,"column":12},"end":{"line":79,"column":23}},"8":{"start":{"line":88,"column":0},"end":{"line":90,"column":2}}},"fnMap":{"0":{"name":"(anonymous_0)","decl":{"start":{"line":12,"column":15},"end":{"line":12,"column":16}},"loc":{"start":{"line":12,"column":25},"end":{"line":36,"column":1}},"line":12},"1":{"name":"(anonymous_1)","decl":{"start":{"line":38,"column":21},"end":{"line":38,"column":22}},"loc":{"start":{"line":38,"column":30},"end":{"line":86,"column":1}},"line":38},"2":{"name":"(anonymous_2)","decl":{"start":{"line":70,"column":28},"end":{"line":70,"column":29}},"loc":{"start":{"line":71,"column":12},"end":{"line":79,"column":23}},"line":71}},"branchMap":{},"s":{"0":3,"1":7,"2":3,"3":32,"4":32,"5":32,"6":32,"7":90,"8":3},"f":{"0":7,"1":32,"2":90},"b":{},"_coverageSchema":"332fd63041d2c1bcb487cc26dd0d5f7d97098a6c","hash":"08871e74b48b71a93dc9d38b7851c113b2d7f194"}
,"/Users/rob/git/robsheely-resume/src/Resume.js": {"path":"/Users/rob/git/robsheely-resume/src/Resume.js","statementMap":{"0":{"start":{"line":16,"column":26},"end":{"line":53,"column":1}},"1":{"start":{"line":55,"column":15},"end":{"line":66,"column":2}},"2":{"start":{"line":55,"column":25},"end":{"line":66,"column":1}},"3":{"start":{"line":74,"column":4},"end":{"line":76,"column":7}},"4":{"start":{"line":80,"column":24},"end":{"line":80,"column":34}},"5":{"start":{"line":81,"column":27},"end":{"line":81,"column":37}},"6":{"start":{"line":83,"column":4},"end":{"line":176,"column":6}},"7":{"start":{"line":86,"column":10},"end":{"line":88,"column":11}},"8":{"start":{"line":87,"column":12},"end":{"line":87,"column":43}},"9":{"start":{"line":90,"column":10},"end":{"line":92,"column":11}},"10":{"start":{"line":91,"column":12},"end":{"line":91,"column":38}},"11":{"start":{"line":94,"column":29},"end":{"line":94,"column":33}},"12":{"start":{"line":97,"column":28},"end":{"line":99,"column":12}},"13":{"start":{"line":98,"column":12},"end":{"line":98,"column":44}},"14":{"start":{"line":101,"column":30},"end":{"line":108,"column":11}},"15":{"start":{"line":102,"column":12},"end":{"line":104,"column":15}},"16":{"start":{"line":107,"column":12},"end":{"line":107,"column":22}},"17":{"start":{"line":110,"column":10},"end":{"line":173,"column":12}},"18":{"start":{"line":146,"column":20},"end":{"line":146,"column":74}},"19":{"start":{"line":180,"column":0},"end":{"line":182,"column":2}}},"fnMap":{"0":{"name":"(anonymous_0)","decl":{"start":{"line":55,"column":15},"end":{"line":55,"column":16}},"loc":{"start":{"line":55,"column":25},"end":{"line":66,"column":1}},"line":55},"1":{"name":"(anonymous_1)","decl":{"start":{"line":73,"column":15},"end":{"line":73,"column":16}},"loc":{"start":{"line":73,"column":21},"end":{"line":77,"column":3}},"line":73},"2":{"name":"(anonymous_2)","decl":{"start":{"line":79,"column":2},"end":{"line":79,"column":3}},"loc":{"start":{"line":79,"column":11},"end":{"line":177,"column":3}},"line":79},"3":{"name":"(anonymous_3)","decl":{"start":{"line":85,"column":9},"end":{"line":85,"column":10}},"loc":{"start":{"line":85,"column":49},"end":{"line":174,"column":9}},"line":85},"4":{"name":"(anonymous_4)","decl":{"start":{"line":97,"column":50},"end":{"line":97,"column":51}},"loc":{"start":{"line":97,"column":60},"end":{"line":99,"column":11}},"line":97},"5":{"name":"(anonymous_5)","decl":{"start":{"line":101,"column":30},"end":{"line":101,"column":31}},"loc":{"start":{"line":101,"column":36},"end":{"line":108,"column":11}},"line":101},"6":{"name":"(anonymous_6)","decl":{"start":{"line":145,"column":33},"end":{"line":145,"column":34}},"loc":{"start":{"line":146,"column":20},"end":{"line":146,"column":74}},"line":146}},"branchMap":{"0":{"loc":{"start":{"line":86,"column":10},"end":{"line":88,"column":11}},"type":"if","locations":[{"start":{"line":86,"column":10},"end":{"line":88,"column":11}},{"start":{"line":86,"column":10},"end":{"line":88,"column":11}}],"line":86},"1":{"loc":{"start":{"line":90,"column":10},"end":{"line":92,"column":11}},"type":"if","locations":[{"start":{"line":90,"column":10},"end":{"line":92,"column":11}},{"start":{"line":90,"column":10},"end":{"line":92,"column":11}}],"line":90},"2":{"loc":{"start":{"line":98,"column":19},"end":{"line":98,"column":43}},"type":"cond-expr","locations":[{"start":{"line":98,"column":37},"end":{"line":98,"column":38}},{"start":{"line":98,"column":41},"end":{"line":98,"column":43}}],"line":98}},"s":{"0":2,"1":2,"2":5,"3":1,"4":7,"5":7,"6":7,"7":16,"8":10,"9":6,"10":0,"11":6,"12":6,"13":44,"14":6,"15":1,"16":1,"17":6,"18":30,"19":2},"f":{"0":5,"1":1,"2":7,"3":16,"4":44,"5":1,"6":30},"b":{"0":[10,6],"1":[0,6],"2":[24,20]},"_coverageSchema":"332fd63041d2c1bcb487cc26dd0d5f7d97098a6c","hash":"2167246ebf101a87b76910d23547e465579e8edc"}
,"/Users/rob/git/robsheely-resume/src/Section.js": {"path":"/Users/rob/git/robsheely-resume/src/Section.js","statementMap":{"0":{"start":{"line":10,"column":15},"end":{"line":30,"column":2}},"1":{"start":{"line":10,"column":25},"end":{"line":30,"column":1}},"2":{"start":{"line":32,"column":16},"end":{"line":71,"column":1}},"3":{"start":{"line":33,"column":39},"end":{"line":33,"column":44}},"4":{"start":{"line":35,"column":15},"end":{"line":35,"column":74}},"5":{"start":{"line":37,"column":2},"end":{"line":70,"column":4}},"6":{"start":{"line":73,"column":0},"end":{"line":80,"column":2}}},"fnMap":{"0":{"name":"(anonymous_0)","decl":{"start":{"line":10,"column":15},"end":{"line":10,"column":16}},"loc":{"start":{"line":10,"column":25},"end":{"line":30,"column":1}},"line":10},"1":{"name":"(anonymous_1)","decl":{"start":{"line":32,"column":16},"end":{"line":32,"column":17}},"loc":{"start":{"line":32,"column":25},"end":{"line":71,"column":1}},"line":32}},"branchMap":{"0":{"loc":{"start":{"line":35,"column":15},"end":{"line":35,"column":74}},"type":"cond-expr","locations":[{"start":{"line":35,"column":25},"end":{"line":35,"column":65}},{"start":{"line":35,"column":68},"end":{"line":35,"column":74}}],"line":35},"1":{"loc":{"start":{"line":46,"column":12},"end":{"line":64,"column":23}},"type":"binary-expr","locations":[{"start":{"line":46,"column":12},"end":{"line":46,"column":17}},{"start":{"line":47,"column":12},"end":{"line":64,"column":23}}],"line":46}},"s":{"0":3,"1":8,"2":3,"3":39,"4":39,"5":39,"6":3},"f":{"0":8,"1":39},"b":{"0":[32,7],"1":[39,32]},"_coverageSchema":"332fd63041d2c1bcb487cc26dd0d5f7d97098a6c","hash":"9680178c2b65a178ab48c3686a09010e49df7731"}
,"/Users/rob/git/robsheely-resume/src/SectionList.js": {"path":"/Users/rob/git/robsheely-resume/src/SectionList.js","statementMap":{"0":{"start":{"line":9,"column":15},"end":{"line":19,"column":2}},"1":{"start":{"line":9,"column":25},"end":{"line":19,"column":1}},"2":{"start":{"line":21,"column":20},"end":{"line":40,"column":1}},"3":{"start":{"line":22,"column":35},"end":{"line":22,"column":40}},"4":{"start":{"line":24,"column":2},"end":{"line":39,"column":4}},"5":{"start":{"line":27,"column":8},"end":{"line":35,"column":19}},"6":{"start":{"line":42,"column":0},"end":{"line":49,"column":2}}},"fnMap":{"0":{"name":"(anonymous_0)","decl":{"start":{"line":9,"column":15},"end":{"line":9,"column":16}},"loc":{"start":{"line":9,"column":25},"end":{"line":19,"column":1}},"line":9},"1":{"name":"(anonymous_1)","decl":{"start":{"line":21,"column":20},"end":{"line":21,"column":21}},"loc":{"start":{"line":21,"column":29},"end":{"line":40,"column":1}},"line":21},"2":{"name":"(anonymous_2)","decl":{"start":{"line":26,"column":17},"end":{"line":26,"column":18}},"loc":{"start":{"line":27,"column":8},"end":{"line":35,"column":19}},"line":27}},"branchMap":{},"s":{"0":3,"1":7,"2":3,"3":20,"4":20,"5":104,"6":3},"f":{"0":7,"1":20,"2":104},"b":{},"_coverageSchema":"332fd63041d2c1bcb487cc26dd0d5f7d97098a6c","hash":"4a560229884dc5482010e782559b3ed184c09f8b"}
,"/Users/rob/git/robsheely-resume/src/index.js": {"path":"/Users/rob/git/robsheely-resume/src/index.js","statementMap":{"0":{"start":{"line":1,"column":0},"end":{"line":null,"column":-1}},"1":{"start":{"line":2,"column":0},"end":{"line":null,"column":-1}},"2":{"start":{"line":3,"column":0},"end":{"line":null,"column":-1}},"3":{"start":{"line":4,"column":0},"end":{"line":null,"column":-1}},"4":{"start":{"line":6,"column":0},"end":{"line":null,"column":-1}},"5":{"start":{"line":8,"column":15},"end":{"line":8,"column":0}},"6":{"start":{"line":12,"column":0},"end":{"line":null,"column":-1}}},"fnMap":{},"branchMap":{},"s":{"0":0,"1":0,"2":0,"3":0,"4":0,"5":0,"6":0},"f":{},"b":{}}
,"/Users/rob/git/robsheely-resume/src/server/index.js": {"path":"/Users/rob/git/robsheely-resume/src/server/index.js","statementMap":{"0":{"start":{"line":1,"column":16},"end":{"line":1,"column":0}},"1":{"start":{"line":2,"column":13},"end":{"line":2,"column":0}},"2":{"start":{"line":3,"column":20},"end":{"line":3,"column":0}},"3":{"start":{"line":4,"column":12},"end":{"line":4,"column":0}},"4":{"start":{"line":6,"column":13},"end":{"line":6,"column":0}},"5":{"start":{"line":8,"column":13},"end":{"line":8,"column":0}},"6":{"start":{"line":9,"column":17},"end":{"line":9,"column":0}},"7":{"start":{"line":11,"column":15},"end":{"line":11,"column":0}},"8":{"start":{"line":13,"column":20},"end":{"line":13,"column":0}},"9":{"start":{"line":14,"column":15},"end":{"line":14,"column":2}},"10":{"start":{"line":18,"column":2},"end":{"line":null,"column":-1}},"11":{"start":{"line":21,"column":20},"end":{"line":21,"column":0}},"12":{"start":{"line":22,"column":26},"end":{"line":22,"column":2}},"13":{"start":{"line":23,"column":12},"end":{"line":23,"column":2}},"14":{"start":{"line":28,"column":2},"end":{"line":null,"column":-1}},"15":{"start":{"line":31,"column":13},"end":{"line":31,"column":0}},"16":{"start":{"line":33,"column":16},"end":{"line":32,"column":10}},"17":{"start":{"line":34,"column":19},"end":{"line":32,"column":10}},"18":{"start":{"line":35,"column":16},"end":{"line":32,"column":10}},"19":{"start":{"line":36,"column":19},"end":{"line":32,"column":10}},"20":{"start":{"line":37,"column":19},"end":{"line":32,"column":10}},"21":{"start":{"line":38,"column":21},"end":{"line":32,"column":10}},"22":{"start":{"line":39,"column":25},"end":{"line":32,"column":10}},"23":{"start":{"line":40,"column":21},"end":{"line":32,"column":10}},"24":{"start":{"line":41,"column":21},"end":{"line":32,"column":10}},"25":{"start":{"line":42,"column":21},"end":{"line":null,"column":-1}},"26":{"start":{"line":45,"column":21},"end":{"line":45,"column":4}},"27":{"start":{"line":46,"column":4},"end":{"line":null,"column":-1}},"28":{"start":{"line":47,"column":4},"end":{"line":null,"column":-1}},"29":{"start":{"line":51,"column":12},"end":{"line":51,"column":0}},"30":{"start":{"line":52,"column":0},"end":{"line":null,"column":-1}},"31":{"start":{"line":53,"column":0},"end":{"line":null,"column":-1}},"32":{"start":{"line":59,"column":13},"end":{"line":59,"column":0}},"33":{"start":{"line":60,"column":0},"end":{"line":null,"column":-1}},"34":{"start":{"line":61,"column":0},"end":{"line":null,"column":-1}}},"fnMap":{"0":{"name":"(anonymous_0)","decl":{"start":{"line":13,"column":20},"end":{"line":13,"column":26}},"loc":{"start":{"line":13,"column":31},"end":{"line":13,"column":0}}},"1":{"name":"(anonymous_1)","decl":{"start":{"line":21,"column":20},"end":{"line":21,"column":27}},"loc":{"start":{"line":21,"column":32},"end":{"line":21,"column":0}}},"2":{"name":"(anonymous_2)","decl":{"start":{"line":33,"column":10},"end":{"line":33,"column":15}},"loc":{"start":{"line":33,"column":16},"end":{"line":32,"column":10}}},"3":{"name":"(anonymous_3)","decl":{"start":{"line":34,"column":13},"end":{"line":34,"column":18}},"loc":{"start":{"line":34,"column":19},"end":{"line":32,"column":10}}},"4":{"name":"(anonymous_4)","decl":{"start":{"line":35,"column":10},"end":{"line":35,"column":15}},"loc":{"start":{"line":35,"column":16},"end":{"line":32,"column":10}}},"5":{"name":"(anonymous_5)","decl":{"start":{"line":36,"column":13},"end":{"line":36,"column":18}},"loc":{"start":{"line":36,"column":19},"end":{"line":32,"column":10}}},"6":{"name":"(anonymous_6)","decl":{"start":{"line":37,"column":13},"end":{"line":37,"column":18}},"loc":{"start":{"line":37,"column":19},"end":{"line":32,"column":10}}},"7":{"name":"(anonymous_7)","decl":{"start":{"line":38,"column":15},"end":{"line":38,"column":20}},"loc":{"start":{"line":38,"column":21},"end":{"line":32,"column":10}}},"8":{"name":"(anonymous_8)","decl":{"start":{"line":39,"column":19},"end":{"line":39,"column":24}},"loc":{"start":{"line":39,"column":25},"end":{"line":32,"column":10}}},"9":{"name":"(anonymous_9)","decl":{"start":{"line":40,"column":15},"end":{"line":40,"column":20}},"loc":{"start":{"line":40,"column":21},"end":{"line":32,"column":10}}},"10":{"name":"(anonymous_10)","decl":{"start":{"line":41,"column":15},"end":{"line":41,"column":20}},"loc":{"start":{"line":41,"column":21},"end":{"line":32,"column":10}}},"11":{"name":"(anonymous_11)","decl":{"start":{"line":42,"column":15},"end":{"line":42,"column":20}},"loc":{"start":{"line":42,"column":21},"end":{"line":null,"column":-1}}},"12":{"name":"(anonymous_12)","decl":{"start":{"line":44,"column":15},"end":{"line":44,"column":16}},"loc":{"start":{"line":44,"column":30},"end":{"line":48,"column":3}}}},"branchMap":{"0":{"loc":{"start":{"line":59,"column":13},"end":{"line":59,"column":12}},"type":"binary-expr","locations":[{"start":{"line":59,"column":13},"end":{"line":59,"column":12}},{"start":{"line":59,"column":33},"end":{"line":59,"column":0}}]}},"s":{"0":0,"1":0,"2":0,"3":0,"4":0,"5":0,"6":0,"7":0,"8":0,"9":0,"10":0,"11":0,"12":0,"13":0,"14":0,"15":0,"16":0,"17":0,"18":0,"19":0,"20":0,"21":0,"22":0,"23":0,"24":0,"25":0,"26":0,"27":0,"28":0,"29":0,"30":0,"31":0,"32":0,"33":0,"34":0},"f":{"0":0,"1":0,"2":0,"3":0,"4":0,"5":0,"6":0,"7":0,"8":0,"9":0,"10":0,"11":0,"12":0},"b":{"0":[0,0]}}
,"/Users/rob/git/robsheely-resume/src/server/schema.js": {"path":"/Users/rob/git/robsheely-resume/src/server/schema.js","statementMap":{"0":{"start":{"line":1,"column":15},"end":{"line":45,"column":1}},"1":{"start":{"line":47,"column":0},"end":{"line":47,"column":24}}},"fnMap":{},"branchMap":{},"s":{"0":2,"1":2},"f":{},"b":{},"_coverageSchema":"332fd63041d2c1bcb487cc26dd0d5f7d97098a6c","hash":"01d3664d7c3b58ad6f5bdba20cb2406364522bed"}
}
