TN:
SF:/Users/rob/git/robsheely-resume/src/AddPositionDialog.js
FN:28,(anonymous_0)
FN:96,(anonymous_1)
FN:108,(anonymous_2)
FN:111,(anonymous_3)
FN:121,(anonymous_4)
FN:130,(anonymous_5)
FN:136,(anonymous_6)
FN:145,(anonymous_7)
FN:154,(anonymous_8)
FN:178,(anonymous_9)
FN:183,(anonymous_10)
FN:184,(anonymous_11)
FN:245,(anonymous_12)
FNF:13
FNH:13
FNDA:9,(anonymous_0)
FNDA:1,(anonymous_1)
FNDA:1,(anonymous_2)
FNDA:4,(anonymous_3)
FNDA:8,(anonymous_4)
FNDA:55,(anonymous_5)
FNDA:110,(anonymous_6)
FNDA:3,(anonymous_7)
FNDA:125,(anonymous_8)
FNDA:24,(anonymous_9)
FNDA:25,(anonymous_10)
FNDA:1,(anonymous_11)
FNDA:15,(anonymous_12)
DA:20,3
DA:28,9
DA:97,1
DA:109,1
DA:110,1
DA:111,1
DA:112,4
DA:113,0
DA:114,0
DA:117,1
DA:118,1
DA:122,8
DA:123,8
DA:131,55
DA:133,55
DA:137,110
DA:146,3
DA:147,3
DA:148,3
DA:155,125
DA:157,125
DA:179,24
DA:181,24
DA:184,25
DA:185,1
DA:186,1
DA:193,1
DA:194,1
DA:195,1
DA:199,25
DA:246,15
DA:303,3
LF:32
LH:30
BRDA:112,0,0,0
BRDA:112,0,1,4
BRDA:112,1,0,4
BRDA:112,1,1,4
BRDA:137,2,0,55
BRDA:137,2,1,55
BRDA:185,3,0,1
BRDA:185,3,1,0
BRF:8
BRH:6
end_of_record
TN:
SF:/Users/rob/git/robsheely-resume/src/App.js
FN:19,(anonymous_0)
FNF:1
FNH:1
FNDA:1,(anonymous_0)
DA:10,1
DA:19,1
DA:20,1
LF:3
LH:3
BRF:0
BRH:0
end_of_record
TN:
SF:/Users/rob/git/robsheely-resume/src/ExpertiseSection.js
FN:8,(anonymous_0)
FN:20,(anonymous_1)
FN:31,(anonymous_2)
FNF:3
FNH:3
FNDA:7,(anonymous_0)
FNDA:8,(anonymous_1)
FNDA:80,(anonymous_2)
DA:8,7
DA:20,3
DA:21,8
DA:23,8
DA:32,80
DA:43,3
LF:6
LH:6
BRF:0
BRH:0
end_of_record
TN:
SF:/Users/rob/git/robsheely-resume/src/HeadSection.js
FN:9,(anonymous_0)
FN:51,(anonymous_1)
FNF:2
FNH:2
FNDA:7,(anonymous_0)
FNDA:8,(anonymous_1)
DA:9,7
DA:51,3
DA:52,8
DA:54,8
DA:117,3
LF:5
LH:5
BRF:0
BRH:0
end_of_record
TN:
SF:/Users/rob/git/robsheely-resume/src/PositionCard.js
FN:12,(anonymous_0)
FN:38,(anonymous_1)
FN:70,(anonymous_2)
FNF:3
FNH:3
FNDA:7,(anonymous_0)
FNDA:32,(anonymous_1)
FNDA:90,(anonymous_2)
DA:12,7
DA:38,3
DA:39,32
DA:40,32
DA:41,32
DA:43,32
DA:71,90
DA:88,3
LF:8
LH:8
BRF:0
BRH:0
end_of_record
TN:
SF:/Users/rob/git/robsheely-resume/src/Resume.js
FN:55,(anonymous_0)
FN:73,(anonymous_1)
FN:79,(anonymous_2)
FN:85,(anonymous_3)
FN:97,(anonymous_4)
FN:101,(anonymous_5)
FN:145,(anonymous_6)
FNF:7
FNH:7
FNDA:5,(anonymous_0)
FNDA:1,(anonymous_1)
FNDA:7,(anonymous_2)
FNDA:16,(anonymous_3)
FNDA:44,(anonymous_4)
FNDA:1,(anonymous_5)
FNDA:30,(anonymous_6)
DA:16,2
DA:55,5
DA:74,1
DA:80,7
DA:81,7
DA:83,7
DA:86,16
DA:87,10
DA:90,6
DA:91,0
DA:94,6
DA:97,6
DA:98,44
DA:101,6
DA:102,1
DA:107,1
DA:110,6
DA:146,30
DA:180,2
LF:19
LH:18
BRDA:86,0,0,10
BRDA:86,0,1,6
BRDA:90,1,0,0
BRDA:90,1,1,6
BRDA:98,2,0,24
BRDA:98,2,1,20
BRF:6
BRH:5
end_of_record
TN:
SF:/Users/rob/git/robsheely-resume/src/Section.js
FN:10,(anonymous_0)
FN:32,(anonymous_1)
FNF:2
FNH:2
FNDA:8,(anonymous_0)
FNDA:39,(anonymous_1)
DA:10,8
DA:32,3
DA:33,39
DA:35,39
DA:37,39
DA:73,3
LF:6
LH:6
BRDA:35,0,0,32
BRDA:35,0,1,7
BRDA:46,1,0,39
BRDA:46,1,1,32
BRF:4
BRH:4
end_of_record
TN:
SF:/Users/rob/git/robsheely-resume/src/SectionList.js
FN:9,(anonymous_0)
FN:21,(anonymous_1)
FN:26,(anonymous_2)
FNF:3
FNH:3
FNDA:7,(anonymous_0)
FNDA:20,(anonymous_1)
FNDA:104,(anonymous_2)
DA:9,7
DA:21,3
DA:22,20
DA:24,20
DA:27,104
DA:42,3
LF:6
LH:6
BRF:0
BRH:0
end_of_record
TN:
SF:/Users/rob/git/robsheely-resume/src/index.js
FNF:0
FNH:0
DA:1,0
DA:2,0
DA:3,0
DA:4,0
DA:6,0
DA:8,0
DA:12,0
LF:7
LH:0
BRF:0
BRH:0
end_of_record
TN:
SF:/Users/rob/git/robsheely-resume/src/server/index.js
FN:13,(anonymous_0)
FN:21,(anonymous_1)
FN:33,(anonymous_2)
FN:34,(anonymous_3)
FN:35,(anonymous_4)
FN:36,(anonymous_5)
FN:37,(anonymous_6)
FN:38,(anonymous_7)
FN:39,(anonymous_8)
FN:40,(anonymous_9)
FN:41,(anonymous_10)
FN:42,(anonymous_11)
FN:44,(anonymous_12)
FNF:13
FNH:0
FNDA:0,(anonymous_0)
FNDA:0,(anonymous_1)
FNDA:0,(anonymous_2)
FNDA:0,(anonymous_3)
FNDA:0,(anonymous_4)
FNDA:0,(anonymous_5)
FNDA:0,(anonymous_6)
FNDA:0,(anonymous_7)
FNDA:0,(anonymous_8)
FNDA:0,(anonymous_9)
FNDA:0,(anonymous_10)
FNDA:0,(anonymous_11)
FNDA:0,(anonymous_12)
DA:1,0
DA:2,0
DA:3,0
DA:4,0
DA:6,0
DA:8,0
DA:9,0
DA:11,0
DA:13,0
DA:14,0
DA:18,0
DA:21,0
DA:22,0
DA:23,0
DA:28,0
DA:31,0
DA:33,0
DA:34,0
DA:35,0
DA:36,0
DA:37,0
DA:38,0
DA:39,0
DA:40,0
DA:41,0
DA:42,0
DA:45,0
DA:46,0
DA:47,0
DA:51,0
DA:52,0
DA:53,0
DA:59,0
DA:60,0
DA:61,0
LF:35
LH:0
BRDA:59,0,0,0
BRDA:59,0,1,0
BRF:2
BRH:0
end_of_record
TN:
SF:/Users/rob/git/robsheely-resume/src/server/schema.js
FNF:0
FNH:0
DA:1,2
DA:47,2
LF:2
LH:2
BRF:0
BRH:0
end_of_record
